2018-07-15 17:47:14,791 ERROR log1 - 在控制器“MyWeb.Controllers.AccountController”上未找到公共操作方法“UploadFileList”。|System.Web.Mvc|   在 System.Web.Mvc.Controller.HandleUnknownAction(String actionName)
   在 System.Web.Mvc.Controller.<BeginExecuteCore>b__1d(IAsyncResult asyncResult, ExecuteCoreState innerState)
   在 System.Web.Mvc.Async.AsyncResultWrapper.WrappedAsyncVoid`1.CallEndDelegate(IAsyncResult asyncResult)
   在 System.Web.Mvc.Async.AsyncResultWrapper.WrappedAsyncResultBase`1.End()
   在 System.Web.Mvc.Controller.EndExecuteCore(IAsyncResult asyncResult)
   在 System.Web.Mvc.Controller.<BeginExecute>b__15(IAsyncResult asyncResult, Controller controller)
   在 System.Web.Mvc.Async.AsyncResultWrapper.WrappedAsyncVoid`1.CallEndDelegate(IAsyncResult asyncResult)
   在 System.Web.Mvc.Async.AsyncResultWrapper.WrappedAsyncResultBase`1.End()
   在 System.Web.Mvc.Controller.EndExecute(IAsyncResult asyncResult)
   在 System.Web.Mvc.Controller.System.Web.Mvc.Async.IAsyncController.EndExecute(IAsyncResult asyncResult)
   在 System.Web.Mvc.MvcHandler.<BeginProcessRequest>b__5(IAsyncResult asyncResult, ProcessRequestState innerState)
   在 System.Web.Mvc.Async.AsyncResultWrapper.WrappedAsyncVoid`1.CallEndDelegate(IAsyncResult asyncResult)
   在 System.Web.Mvc.Async.AsyncResultWrapper.WrappedAsyncResultBase`1.End()
   在 System.Web.Mvc.MvcHandler.EndProcessRequest(IAsyncResult asyncResult)
   在 System.Web.Mvc.MvcHandler.System.Web.IHttpAsyncHandler.EndProcessRequest(IAsyncResult result)
   在 System.Web.HttpApplication.CallHandlerExecutionStep.System.Web.HttpApplication.IExecutionStep.Execute()
   在 System.Web.HttpApplication.ExecuteStep(IExecutionStep step, Boolean& completedSynchronously)
2018-07-15 17:47:44,374 ERROR log1 - 在控制器“MyWeb.Controllers.AccountController”上未找到公共操作方法“UploadFileList”。|System.Web.Mvc|   在 System.Web.Mvc.Controller.HandleUnknownAction(String actionName)
   在 System.Web.Mvc.Controller.<BeginExecuteCore>b__1d(IAsyncResult asyncResult, ExecuteCoreState innerState)
   在 System.Web.Mvc.Async.AsyncResultWrapper.WrappedAsyncVoid`1.CallEndDelegate(IAsyncResult asyncResult)
   在 System.Web.Mvc.Async.AsyncResultWrapper.WrappedAsyncResultBase`1.End()
   在 System.Web.Mvc.Controller.EndExecuteCore(IAsyncResult asyncResult)
   在 System.Web.Mvc.Controller.<BeginExecute>b__15(IAsyncResult asyncResult, Controller controller)
   在 System.Web.Mvc.Async.AsyncResultWrapper.WrappedAsyncVoid`1.CallEndDelegate(IAsyncResult asyncResult)
   在 System.Web.Mvc.Async.AsyncResultWrapper.WrappedAsyncResultBase`1.End()
   在 System.Web.Mvc.Controller.EndExecute(IAsyncResult asyncResult)
   在 System.Web.Mvc.Controller.System.Web.Mvc.Async.IAsyncController.EndExecute(IAsyncResult asyncResult)
   在 System.Web.Mvc.MvcHandler.<BeginProcessRequest>b__5(IAsyncResult asyncResult, ProcessRequestState innerState)
   在 System.Web.Mvc.Async.AsyncResultWrapper.WrappedAsyncVoid`1.CallEndDelegate(IAsyncResult asyncResult)
   在 System.Web.Mvc.Async.AsyncResultWrapper.WrappedAsyncResultBase`1.End()
   在 System.Web.Mvc.MvcHandler.EndProcessRequest(IAsyncResult asyncResult)
   在 System.Web.Mvc.MvcHandler.System.Web.IHttpAsyncHandler.EndProcessRequest(IAsyncResult result)
   在 System.Web.HttpApplication.CallHandlerExecutionStep.System.Web.HttpApplication.IExecutionStep.Execute()
   在 System.Web.HttpApplication.ExecuteStep(IExecutionStep step, Boolean& completedSynchronously)
2018-07-15 19:18:35,154 ERROR log1 - 在执行 area [] 的 controller[account] 的 action[uploadfilelist] 时产生异常,异常原因：“AMW.Model.Entity.MldUserFileUpload”未包含“Account”的定义,异常堆栈：   在 CallSite.Target(Closure , CallSite , Object )
   在 System.Dynamic.UpdateDelegates.UpdateAndExecute1[T0,TRet](CallSite site, T0 arg0)
   在 ASP._Page_Views_Account_UploadFileList_cshtml.Execute() 位置 f:\NET工作区\at your services\代码\MyWeb\Views\Account\UploadFileList.cshtml:行号 30
   在 System.Web.WebPages.WebPageBase.ExecutePageHierarchy()
   在 System.Web.Mvc.WebViewPage.ExecutePageHierarchy()
   在 System.Web.WebPages.WebPageBase.ExecutePageHierarchy(WebPageContext pageContext, TextWriter writer, WebPageRenderingBase startPage)
   在 System.Web.Mvc.RazorView.RenderView(ViewContext viewContext, TextWriter writer, Object instance)
   在 System.Web.Mvc.BuildManagerCompiledView.Render(ViewContext viewContext, TextWriter writer)
   在 System.Web.Mvc.ViewResultBase.ExecuteResult(ControllerContext context)
   在 System.Web.Mvc.ControllerActionInvoker.InvokeActionResult(ControllerContext controllerContext, ActionResult actionResult)
   在 System.Web.Mvc.ControllerActionInvoker.InvokeActionResultFilterRecursive(IList`1 filters, Int32 filterIndex, ResultExecutingContext preContext, ControllerContext controllerContext, ActionResult actionResult)
   在 System.Web.Mvc.ControllerActionInvoker.InvokeActionResultFilterRecursive(IList`1 filters, Int32 filterIndex, ResultExecutingContext preContext, ControllerContext controllerContext, ActionResult actionResult)
   在 System.Web.Mvc.ControllerActionInvoker.InvokeActionResultWithFilters(ControllerContext controllerContext, IList`1 filters, ActionResult actionResult)
   在 System.Web.Mvc.Async.AsyncControllerActionInvoker.<>c__DisplayClass21.<>c__DisplayClass2b.<BeginInvokeAction>b__1c()
   在 System.Web.Mvc.Async.AsyncControllerActionInvoker.<>c__DisplayClass21.<BeginInvokeAction>b__1e(IAsyncResult asyncResult)
2018-07-15 19:18:35,166 ERROR log1 - 此请求已被阻止，因为当用在 GET 请求中时，会将敏感信息透漏给第三方网站。若要允许 GET 请求，请将 JsonRequestBehavior 设置为 AllowGet。|System.Web.Mvc|   在 System.Web.Mvc.JsonResult.ExecuteResult(ControllerContext context)
   在 System.Web.Mvc.ControllerActionInvoker.InvokeActionResult(ControllerContext controllerContext, ActionResult actionResult)
   在 System.Web.Mvc.Async.AsyncControllerActionInvoker.<>c__DisplayClass21.<BeginInvokeAction>b__1e(IAsyncResult asyncResult)
   在 System.Web.Mvc.Async.AsyncResultWrapper.WrappedAsyncResult`1.CallEndDelegate(IAsyncResult asyncResult)
   在 System.Web.Mvc.Async.AsyncResultWrapper.WrappedAsyncResultBase`1.End()
   在 System.Web.Mvc.Async.AsyncControllerActionInvoker.EndInvokeAction(IAsyncResult asyncResult)
   在 System.Web.Mvc.Controller.<BeginExecuteCore>b__1d(IAsyncResult asyncResult, ExecuteCoreState innerState)
   在 System.Web.Mvc.Async.AsyncResultWrapper.WrappedAsyncVoid`1.CallEndDelegate(IAsyncResult asyncResult)
   在 System.Web.Mvc.Async.AsyncResultWrapper.WrappedAsyncResultBase`1.End()
   在 System.Web.Mvc.Controller.EndExecuteCore(IAsyncResult asyncResult)
   在 System.Web.Mvc.Controller.<BeginExecute>b__15(IAsyncResult asyncResult, Controller controller)
   在 System.Web.Mvc.Async.AsyncResultWrapper.WrappedAsyncVoid`1.CallEndDelegate(IAsyncResult asyncResult)
   在 System.Web.Mvc.Async.AsyncResultWrapper.WrappedAsyncResultBase`1.End()
   在 System.Web.Mvc.Controller.EndExecute(IAsyncResult asyncResult)
   在 System.Web.Mvc.Controller.System.Web.Mvc.Async.IAsyncController.EndExecute(IAsyncResult asyncResult)
   在 System.Web.Mvc.MvcHandler.<BeginProcessRequest>b__5(IAsyncResult asyncResult, ProcessRequestState innerState)
   在 System.Web.Mvc.Async.AsyncResultWrapper.WrappedAsyncVoid`1.CallEndDelegate(IAsyncResult asyncResult)
   在 System.Web.Mvc.Async.AsyncResultWrapper.WrappedAsyncResultBase`1.End()
   在 System.Web.Mvc.MvcHandler.EndProcessRequest(IAsyncResult asyncResult)
   在 System.Web.Mvc.MvcHandler.System.Web.IHttpAsyncHandler.EndProcessRequest(IAsyncResult result)
   在 System.Web.HttpApplication.CallHandlerExecutionStep.System.Web.HttpApplication.IExecutionStep.Execute()
   在 System.Web.HttpApplication.ExecuteStep(IExecutionStep step, Boolean& completedSynchronously)
2018-07-15 19:18:41,328 ERROR log1 - 在执行 area [] 的 controller[account] 的 action[uploadfilelist] 时产生异常,异常原因：“AMW.Model.Entity.MldUserFileUpload”未包含“Account”的定义,异常堆栈：   在 CallSite.Target(Closure , CallSite , Object )
   在 ASP._Page_Views_Account_UploadFileList_cshtml.Execute() 位置 f:\NET工作区\at your services\代码\MyWeb\Views\Account\UploadFileList.cshtml:行号 30
   在 System.Web.WebPages.WebPageBase.ExecutePageHierarchy()
   在 System.Web.Mvc.WebViewPage.ExecutePageHierarchy()
   在 System.Web.WebPages.WebPageBase.ExecutePageHierarchy(WebPageContext pageContext, TextWriter writer, WebPageRenderingBase startPage)
   在 System.Web.Mvc.RazorView.RenderView(ViewContext viewContext, TextWriter writer, Object instance)
   在 System.Web.Mvc.BuildManagerCompiledView.Render(ViewContext viewContext, TextWriter writer)
   在 System.Web.Mvc.ViewResultBase.ExecuteResult(ControllerContext context)
   在 System.Web.Mvc.ControllerActionInvoker.InvokeActionResult(ControllerContext controllerContext, ActionResult actionResult)
   在 System.Web.Mvc.ControllerActionInvoker.InvokeActionResultFilterRecursive(IList`1 filters, Int32 filterIndex, ResultExecutingContext preContext, ControllerContext controllerContext, ActionResult actionResult)
   在 System.Web.Mvc.ControllerActionInvoker.InvokeActionResultFilterRecursive(IList`1 filters, Int32 filterIndex, ResultExecutingContext preContext, ControllerContext controllerContext, ActionResult actionResult)
   在 System.Web.Mvc.ControllerActionInvoker.InvokeActionResultWithFilters(ControllerContext controllerContext, IList`1 filters, ActionResult actionResult)
   在 System.Web.Mvc.Async.AsyncControllerActionInvoker.<>c__DisplayClass21.<>c__DisplayClass2b.<BeginInvokeAction>b__1c()
   在 System.Web.Mvc.Async.AsyncControllerActionInvoker.<>c__DisplayClass21.<BeginInvokeAction>b__1e(IAsyncResult asyncResult)
2018-07-15 19:18:41,329 ERROR log1 - 此请求已被阻止，因为当用在 GET 请求中时，会将敏感信息透漏给第三方网站。若要允许 GET 请求，请将 JsonRequestBehavior 设置为 AllowGet。|System.Web.Mvc|   在 System.Web.Mvc.JsonResult.ExecuteResult(ControllerContext context)
   在 System.Web.Mvc.ControllerActionInvoker.InvokeActionResult(ControllerContext controllerContext, ActionResult actionResult)
   在 System.Web.Mvc.Async.AsyncControllerActionInvoker.<>c__DisplayClass21.<BeginInvokeAction>b__1e(IAsyncResult asyncResult)
   在 System.Web.Mvc.Async.AsyncResultWrapper.WrappedAsyncResult`1.CallEndDelegate(IAsyncResult asyncResult)
   在 System.Web.Mvc.Async.AsyncResultWrapper.WrappedAsyncResultBase`1.End()
   在 System.Web.Mvc.Async.AsyncControllerActionInvoker.EndInvokeAction(IAsyncResult asyncResult)
   在 System.Web.Mvc.Controller.<BeginExecuteCore>b__1d(IAsyncResult asyncResult, ExecuteCoreState innerState)
   在 System.Web.Mvc.Async.AsyncResultWrapper.WrappedAsyncVoid`1.CallEndDelegate(IAsyncResult asyncResult)
   在 System.Web.Mvc.Async.AsyncResultWrapper.WrappedAsyncResultBase`1.End()
   在 System.Web.Mvc.Controller.EndExecuteCore(IAsyncResult asyncResult)
   在 System.Web.Mvc.Controller.<BeginExecute>b__15(IAsyncResult asyncResult, Controller controller)
   在 System.Web.Mvc.Async.AsyncResultWrapper.WrappedAsyncVoid`1.CallEndDelegate(IAsyncResult asyncResult)
   在 System.Web.Mvc.Async.AsyncResultWrapper.WrappedAsyncResultBase`1.End()
   在 System.Web.Mvc.Controller.EndExecute(IAsyncResult asyncResult)
   在 System.Web.Mvc.Controller.System.Web.Mvc.Async.IAsyncController.EndExecute(IAsyncResult asyncResult)
   在 System.Web.Mvc.MvcHandler.<BeginProcessRequest>b__5(IAsyncResult asyncResult, ProcessRequestState innerState)
   在 System.Web.Mvc.Async.AsyncResultWrapper.WrappedAsyncVoid`1.CallEndDelegate(IAsyncResult asyncResult)
   在 System.Web.Mvc.Async.AsyncResultWrapper.WrappedAsyncResultBase`1.End()
   在 System.Web.Mvc.MvcHandler.EndProcessRequest(IAsyncResult asyncResult)
   在 System.Web.Mvc.MvcHandler.System.Web.IHttpAsyncHandler.EndProcessRequest(IAsyncResult result)
   在 System.Web.HttpApplication.CallHandlerExecutionStep.System.Web.HttpApplication.IExecutionStep.Execute()
   在 System.Web.HttpApplication.ExecuteStep(IExecutionStep step, Boolean& completedSynchronously)
2018-07-15 19:18:57,312 ERROR log1 - 在执行 area [] 的 controller[account] 的 action[uploadfilelist] 时产生异常,异常原因：“AMW.Model.Entity.MldUserFileUpload”未包含“Account”的定义,异常堆栈：   在 CallSite.Target(Closure , CallSite , Object )
   在 ASP._Page_Views_Account_UploadFileList_cshtml.Execute() 位置 f:\NET工作区\at your services\代码\MyWeb\Views\Account\UploadFileList.cshtml:行号 30
   在 System.Web.WebPages.WebPageBase.ExecutePageHierarchy()
   在 System.Web.Mvc.WebViewPage.ExecutePageHierarchy()
   在 System.Web.WebPages.WebPageBase.ExecutePageHierarchy(WebPageContext pageContext, TextWriter writer, WebPageRenderingBase startPage)
   在 System.Web.Mvc.RazorView.RenderView(ViewContext viewContext, TextWriter writer, Object instance)
   在 System.Web.Mvc.BuildManagerCompiledView.Render(ViewContext viewContext, TextWriter writer)
   在 System.Web.Mvc.ViewResultBase.ExecuteResult(ControllerContext context)
   在 System.Web.Mvc.ControllerActionInvoker.InvokeActionResult(ControllerContext controllerContext, ActionResult actionResult)
   在 System.Web.Mvc.ControllerActionInvoker.InvokeActionResultFilterRecursive(IList`1 filters, Int32 filterIndex, ResultExecutingContext preContext, ControllerContext controllerContext, ActionResult actionResult)
   在 System.Web.Mvc.ControllerActionInvoker.InvokeActionResultFilterRecursive(IList`1 filters, Int32 filterIndex, ResultExecutingContext preContext, ControllerContext controllerContext, ActionResult actionResult)
   在 System.Web.Mvc.ControllerActionInvoker.InvokeActionResultWithFilters(ControllerContext controllerContext, IList`1 filters, ActionResult actionResult)
   在 System.Web.Mvc.Async.AsyncControllerActionInvoker.<>c__DisplayClass21.<>c__DisplayClass2b.<BeginInvokeAction>b__1c()
   在 System.Web.Mvc.Async.AsyncControllerActionInvoker.<>c__DisplayClass21.<BeginInvokeAction>b__1e(IAsyncResult asyncResult)
2018-07-15 19:18:57,312 ERROR log1 - 此请求已被阻止，因为当用在 GET 请求中时，会将敏感信息透漏给第三方网站。若要允许 GET 请求，请将 JsonRequestBehavior 设置为 AllowGet。|System.Web.Mvc|   在 System.Web.Mvc.JsonResult.ExecuteResult(ControllerContext context)
   在 System.Web.Mvc.ControllerActionInvoker.InvokeActionResult(ControllerContext controllerContext, ActionResult actionResult)
   在 System.Web.Mvc.Async.AsyncControllerActionInvoker.<>c__DisplayClass21.<BeginInvokeAction>b__1e(IAsyncResult asyncResult)
   在 System.Web.Mvc.Async.AsyncResultWrapper.WrappedAsyncResult`1.CallEndDelegate(IAsyncResult asyncResult)
   在 System.Web.Mvc.Async.AsyncResultWrapper.WrappedAsyncResultBase`1.End()
   在 System.Web.Mvc.Async.AsyncControllerActionInvoker.EndInvokeAction(IAsyncResult asyncResult)
   在 System.Web.Mvc.Controller.<BeginExecuteCore>b__1d(IAsyncResult asyncResult, ExecuteCoreState innerState)
   在 System.Web.Mvc.Async.AsyncResultWrapper.WrappedAsyncVoid`1.CallEndDelegate(IAsyncResult asyncResult)
   在 System.Web.Mvc.Async.AsyncResultWrapper.WrappedAsyncResultBase`1.End()
   在 System.Web.Mvc.Controller.EndExecuteCore(IAsyncResult asyncResult)
   在 System.Web.Mvc.Controller.<BeginExecute>b__15(IAsyncResult asyncResult, Controller controller)
   在 System.Web.Mvc.Async.AsyncResultWrapper.WrappedAsyncVoid`1.CallEndDelegate(IAsyncResult asyncResult)
   在 System.Web.Mvc.Async.AsyncResultWrapper.WrappedAsyncResultBase`1.End()
   在 System.Web.Mvc.Controller.EndExecute(IAsyncResult asyncResult)
   在 System.Web.Mvc.Controller.System.Web.Mvc.Async.IAsyncController.EndExecute(IAsyncResult asyncResult)
   在 System.Web.Mvc.MvcHandler.<BeginProcessRequest>b__5(IAsyncResult asyncResult, ProcessRequestState innerState)
   在 System.Web.Mvc.Async.AsyncResultWrapper.WrappedAsyncVoid`1.CallEndDelegate(IAsyncResult asyncResult)
   在 System.Web.Mvc.Async.AsyncResultWrapper.WrappedAsyncResultBase`1.End()
   在 System.Web.Mvc.MvcHandler.EndProcessRequest(IAsyncResult asyncResult)
   在 System.Web.Mvc.MvcHandler.System.Web.IHttpAsyncHandler.EndProcessRequest(IAsyncResult result)
   在 System.Web.HttpApplication.CallHandlerExecutionStep.System.Web.HttpApplication.IExecutionStep.Execute()
   在 System.Web.HttpApplication.ExecuteStep(IExecutionStep step, Boolean& completedSynchronously)
2018-07-15 19:21:48,980 ERROR log1 - 在执行 area [] 的 controller[account] 的 action[uploadfilelist] 时产生异常,异常原因：传入字典的模型项的类型为“System.Collections.Generic.List`1[AMW.Model.Entity.MldUserFileUpload]”，但此字典需要类型“System.Collections.Generic.List`1[AMW.Model.Entity.MldFile]”的模型项。,异常堆栈：   在 System.Web.Mvc.ViewDataDictionary`1.SetModel(Object value)
   在 System.Web.Mvc.ViewDataDictionary..ctor(ViewDataDictionary dictionary)
   在 System.Web.Mvc.WebViewPage`1.SetViewData(ViewDataDictionary viewData)
   在 System.Web.Mvc.RazorView.RenderView(ViewContext viewContext, TextWriter writer, Object instance)
   在 System.Web.Mvc.BuildManagerCompiledView.Render(ViewContext viewContext, TextWriter writer)
   在 System.Web.Mvc.ViewResultBase.ExecuteResult(ControllerContext context)
   在 System.Web.Mvc.ControllerActionInvoker.InvokeActionResult(ControllerContext controllerContext, ActionResult actionResult)
   在 System.Web.Mvc.ControllerActionInvoker.InvokeActionResultFilterRecursive(IList`1 filters, Int32 filterIndex, ResultExecutingContext preContext, ControllerContext controllerContext, ActionResult actionResult)
   在 System.Web.Mvc.ControllerActionInvoker.InvokeActionResultFilterRecursive(IList`1 filters, Int32 filterIndex, ResultExecutingContext preContext, ControllerContext controllerContext, ActionResult actionResult)
   在 System.Web.Mvc.ControllerActionInvoker.InvokeActionResultWithFilters(ControllerContext controllerContext, IList`1 filters, ActionResult actionResult)
   在 System.Web.Mvc.Async.AsyncControllerActionInvoker.<>c__DisplayClass21.<>c__DisplayClass2b.<BeginInvokeAction>b__1c()
   在 System.Web.Mvc.Async.AsyncControllerActionInvoker.<>c__DisplayClass21.<BeginInvokeAction>b__1e(IAsyncResult asyncResult)
2018-07-15 19:21:48,992 ERROR log1 - 此请求已被阻止，因为当用在 GET 请求中时，会将敏感信息透漏给第三方网站。若要允许 GET 请求，请将 JsonRequestBehavior 设置为 AllowGet。|System.Web.Mvc|   在 System.Web.Mvc.JsonResult.ExecuteResult(ControllerContext context)
   在 System.Web.Mvc.ControllerActionInvoker.InvokeActionResult(ControllerContext controllerContext, ActionResult actionResult)
   在 System.Web.Mvc.Async.AsyncControllerActionInvoker.<>c__DisplayClass21.<BeginInvokeAction>b__1e(IAsyncResult asyncResult)
   在 System.Web.Mvc.Async.AsyncResultWrapper.WrappedAsyncResult`1.CallEndDelegate(IAsyncResult asyncResult)
   在 System.Web.Mvc.Async.AsyncResultWrapper.WrappedAsyncResultBase`1.End()
   在 System.Web.Mvc.Async.AsyncControllerActionInvoker.EndInvokeAction(IAsyncResult asyncResult)
   在 System.Web.Mvc.Controller.<BeginExecuteCore>b__1d(IAsyncResult asyncResult, ExecuteCoreState innerState)
   在 System.Web.Mvc.Async.AsyncResultWrapper.WrappedAsyncVoid`1.CallEndDelegate(IAsyncResult asyncResult)
   在 System.Web.Mvc.Async.AsyncResultWrapper.WrappedAsyncResultBase`1.End()
   在 System.Web.Mvc.Controller.EndExecuteCore(IAsyncResult asyncResult)
   在 System.Web.Mvc.Controller.<BeginExecute>b__15(IAsyncResult asyncResult, Controller controller)
   在 System.Web.Mvc.Async.AsyncResultWrapper.WrappedAsyncVoid`1.CallEndDelegate(IAsyncResult asyncResult)
   在 System.Web.Mvc.Async.AsyncResultWrapper.WrappedAsyncResultBase`1.End()
   在 System.Web.Mvc.Controller.EndExecute(IAsyncResult asyncResult)
   在 System.Web.Mvc.Controller.System.Web.Mvc.Async.IAsyncController.EndExecute(IAsyncResult asyncResult)
   在 System.Web.Mvc.MvcHandler.<BeginProcessRequest>b__5(IAsyncResult asyncResult, ProcessRequestState innerState)
   在 System.Web.Mvc.Async.AsyncResultWrapper.WrappedAsyncVoid`1.CallEndDelegate(IAsyncResult asyncResult)
   在 System.Web.Mvc.Async.AsyncResultWrapper.WrappedAsyncResultBase`1.End()
   在 System.Web.Mvc.MvcHandler.EndProcessRequest(IAsyncResult asyncResult)
   在 System.Web.Mvc.MvcHandler.System.Web.IHttpAsyncHandler.EndProcessRequest(IAsyncResult result)
   在 System.Web.HttpApplication.CallHandlerExecutionStep.System.Web.HttpApplication.IExecutionStep.Execute()
   在 System.Web.HttpApplication.ExecuteStep(IExecutionStep step, Boolean& completedSynchronously)
2018-07-15 19:23:37,835 ERROR log1 - 在执行 area [] 的 controller[account] 的 action[uploadfilelist] 时产生异常,异常原因：传入字典的模型项的类型为“System.Collections.Generic.List`1[AMW.Model.Entity.MldUserFileUpload]”，但此字典需要类型“System.Collections.Generic.List`1[AMW.Model.Entity.MldFile]”的模型项。,异常堆栈：   在 System.Web.Mvc.ViewDataDictionary`1.SetModel(Object value)
   在 System.Web.Mvc.ViewDataDictionary..ctor(ViewDataDictionary dictionary)
   在 System.Web.Mvc.WebViewPage`1.SetViewData(ViewDataDictionary viewData)
   在 System.Web.Mvc.RazorView.RenderView(ViewContext viewContext, TextWriter writer, Object instance)
   在 System.Web.Mvc.BuildManagerCompiledView.Render(ViewContext viewContext, TextWriter writer)
   在 System.Web.Mvc.ViewResultBase.ExecuteResult(ControllerContext context)
   在 System.Web.Mvc.ControllerActionInvoker.InvokeActionResult(ControllerContext controllerContext, ActionResult actionResult)
   在 System.Web.Mvc.ControllerActionInvoker.InvokeActionResultFilterRecursive(IList`1 filters, Int32 filterIndex, ResultExecutingContext preContext, ControllerContext controllerContext, ActionResult actionResult)
   在 System.Web.Mvc.ControllerActionInvoker.InvokeActionResultFilterRecursive(IList`1 filters, Int32 filterIndex, ResultExecutingContext preContext, ControllerContext controllerContext, ActionResult actionResult)
   在 System.Web.Mvc.ControllerActionInvoker.InvokeActionResultWithFilters(ControllerContext controllerContext, IList`1 filters, ActionResult actionResult)
   在 System.Web.Mvc.Async.AsyncControllerActionInvoker.<>c__DisplayClass21.<>c__DisplayClass2b.<BeginInvokeAction>b__1c()
   在 System.Web.Mvc.Async.AsyncControllerActionInvoker.<>c__DisplayClass21.<BeginInvokeAction>b__1e(IAsyncResult asyncResult)
2018-07-15 19:23:37,836 ERROR log1 - 此请求已被阻止，因为当用在 GET 请求中时，会将敏感信息透漏给第三方网站。若要允许 GET 请求，请将 JsonRequestBehavior 设置为 AllowGet。|System.Web.Mvc|   在 System.Web.Mvc.JsonResult.ExecuteResult(ControllerContext context)
   在 System.Web.Mvc.ControllerActionInvoker.InvokeActionResult(ControllerContext controllerContext, ActionResult actionResult)
   在 System.Web.Mvc.Async.AsyncControllerActionInvoker.<>c__DisplayClass21.<BeginInvokeAction>b__1e(IAsyncResult asyncResult)
   在 System.Web.Mvc.Async.AsyncResultWrapper.WrappedAsyncResult`1.CallEndDelegate(IAsyncResult asyncResult)
   在 System.Web.Mvc.Async.AsyncResultWrapper.WrappedAsyncResultBase`1.End()
   在 System.Web.Mvc.Async.AsyncControllerActionInvoker.EndInvokeAction(IAsyncResult asyncResult)
   在 System.Web.Mvc.Controller.<BeginExecuteCore>b__1d(IAsyncResult asyncResult, ExecuteCoreState innerState)
   在 System.Web.Mvc.Async.AsyncResultWrapper.WrappedAsyncVoid`1.CallEndDelegate(IAsyncResult asyncResult)
   在 System.Web.Mvc.Async.AsyncResultWrapper.WrappedAsyncResultBase`1.End()
   在 System.Web.Mvc.Controller.EndExecuteCore(IAsyncResult asyncResult)
   在 System.Web.Mvc.Controller.<BeginExecute>b__15(IAsyncResult asyncResult, Controller controller)
   在 System.Web.Mvc.Async.AsyncResultWrapper.WrappedAsyncVoid`1.CallEndDelegate(IAsyncResult asyncResult)
   在 System.Web.Mvc.Async.AsyncResultWrapper.WrappedAsyncResultBase`1.End()
   在 System.Web.Mvc.Controller.EndExecute(IAsyncResult asyncResult)
   在 System.Web.Mvc.Controller.System.Web.Mvc.Async.IAsyncController.EndExecute(IAsyncResult asyncResult)
   在 System.Web.Mvc.MvcHandler.<BeginProcessRequest>b__5(IAsyncResult asyncResult, ProcessRequestState innerState)
   在 System.Web.Mvc.Async.AsyncResultWrapper.WrappedAsyncVoid`1.CallEndDelegate(IAsyncResult asyncResult)
   在 System.Web.Mvc.Async.AsyncResultWrapper.WrappedAsyncResultBase`1.End()
   在 System.Web.Mvc.MvcHandler.EndProcessRequest(IAsyncResult asyncResult)
   在 System.Web.Mvc.MvcHandler.System.Web.IHttpAsyncHandler.EndProcessRequest(IAsyncResult result)
   在 System.Web.HttpApplication.CallHandlerExecutionStep.System.Web.HttpApplication.IExecutionStep.Execute()
   在 System.Web.HttpApplication.ExecuteStep(IExecutionStep step, Boolean& completedSynchronously)
2018-07-15 20:13:47,056 ERROR log1 - 在控制器“MyWeb.Controllers.HomeController”上未找到公共操作方法“LogOut”。|System.Web.Mvc|   在 System.Web.Mvc.Controller.HandleUnknownAction(String actionName)
   在 System.Web.Mvc.Controller.<BeginExecuteCore>b__1d(IAsyncResult asyncResult, ExecuteCoreState innerState)
   在 System.Web.Mvc.Async.AsyncResultWrapper.WrappedAsyncVoid`1.CallEndDelegate(IAsyncResult asyncResult)
   在 System.Web.Mvc.Async.AsyncResultWrapper.WrappedAsyncResultBase`1.End()
   在 System.Web.Mvc.Controller.EndExecuteCore(IAsyncResult asyncResult)
   在 System.Web.Mvc.Controller.<BeginExecute>b__15(IAsyncResult asyncResult, Controller controller)
   在 System.Web.Mvc.Async.AsyncResultWrapper.WrappedAsyncVoid`1.CallEndDelegate(IAsyncResult asyncResult)
   在 System.Web.Mvc.Async.AsyncResultWrapper.WrappedAsyncResultBase`1.End()
   在 System.Web.Mvc.Controller.EndExecute(IAsyncResult asyncResult)
   在 System.Web.Mvc.Controller.System.Web.Mvc.Async.IAsyncController.EndExecute(IAsyncResult asyncResult)
   在 System.Web.Mvc.MvcHandler.<BeginProcessRequest>b__5(IAsyncResult asyncResult, ProcessRequestState innerState)
   在 System.Web.Mvc.Async.AsyncResultWrapper.WrappedAsyncVoid`1.CallEndDelegate(IAsyncResult asyncResult)
   在 System.Web.Mvc.Async.AsyncResultWrapper.WrappedAsyncResultBase`1.End()
   在 System.Web.Mvc.MvcHandler.EndProcessRequest(IAsyncResult asyncResult)
   在 System.Web.Mvc.MvcHandler.System.Web.IHttpAsyncHandler.EndProcessRequest(IAsyncResult result)
   在 System.Web.HttpApplication.CallHandlerExecutionStep.System.Web.HttpApplication.IExecutionStep.Execute()
   在 System.Web.HttpApplication.ExecuteStep(IExecutionStep step, Boolean& completedSynchronously)
2018-07-15 22:03:04,210 ERROR log1 - 在执行 area [webadmin] 的 controller[user] 的 action[share] 时产生异常,异常原因：未将对象引用设置到对象的实例。,异常堆栈：   在 ASP._Page_Areas_WebAdmin_Views_User_Share_cshtml.Execute() 位置 f:\NET工作区\at your services\代码\MyWeb\Areas\WebAdmin\Views\User\Share.cshtml:行号 28
   在 System.Web.WebPages.WebPageBase.ExecutePageHierarchy()
   在 System.Web.Mvc.WebViewPage.ExecutePageHierarchy()
   在 System.Web.WebPages.WebPageBase.ExecutePageHierarchy(WebPageContext pageContext, TextWriter writer, WebPageRenderingBase startPage)
   在 System.Web.Mvc.RazorView.RenderView(ViewContext viewContext, TextWriter writer, Object instance)
   在 System.Web.Mvc.BuildManagerCompiledView.Render(ViewContext viewContext, TextWriter writer)
   在 System.Web.Mvc.ViewResultBase.ExecuteResult(ControllerContext context)
   在 System.Web.Mvc.ControllerActionInvoker.InvokeActionResult(ControllerContext controllerContext, ActionResult actionResult)
   在 System.Web.Mvc.ControllerActionInvoker.InvokeActionResultFilterRecursive(IList`1 filters, Int32 filterIndex, ResultExecutingContext preContext, ControllerContext controllerContext, ActionResult actionResult)
   在 System.Web.Mvc.ControllerActionInvoker.InvokeActionResultFilterRecursive(IList`1 filters, Int32 filterIndex, ResultExecutingContext preContext, ControllerContext controllerContext, ActionResult actionResult)
   在 System.Web.Mvc.ControllerActionInvoker.InvokeActionResultWithFilters(ControllerContext controllerContext, IList`1 filters, ActionResult actionResult)
   在 System.Web.Mvc.Async.AsyncControllerActionInvoker.<>c__DisplayClass21.<>c__DisplayClass2b.<BeginInvokeAction>b__1c()
   在 System.Web.Mvc.Async.AsyncControllerActionInvoker.<>c__DisplayClass21.<BeginInvokeAction>b__1e(IAsyncResult asyncResult)
2018-07-15 22:03:04,237 ERROR log1 - 此请求已被阻止，因为当用在 GET 请求中时，会将敏感信息透漏给第三方网站。若要允许 GET 请求，请将 JsonRequestBehavior 设置为 AllowGet。|System.Web.Mvc|   在 System.Web.Mvc.JsonResult.ExecuteResult(ControllerContext context)
   在 System.Web.Mvc.ControllerActionInvoker.InvokeActionResult(ControllerContext controllerContext, ActionResult actionResult)
   在 System.Web.Mvc.Async.AsyncControllerActionInvoker.<>c__DisplayClass21.<BeginInvokeAction>b__1e(IAsyncResult asyncResult)
   在 System.Web.Mvc.Async.AsyncResultWrapper.WrappedAsyncResult`1.CallEndDelegate(IAsyncResult asyncResult)
   在 System.Web.Mvc.Async.AsyncResultWrapper.WrappedAsyncResultBase`1.End()
   在 System.Web.Mvc.Async.AsyncControllerActionInvoker.EndInvokeAction(IAsyncResult asyncResult)
   在 System.Web.Mvc.Controller.<BeginExecuteCore>b__1d(IAsyncResult asyncResult, ExecuteCoreState innerState)
   在 System.Web.Mvc.Async.AsyncResultWrapper.WrappedAsyncVoid`1.CallEndDelegate(IAsyncResult asyncResult)
   在 System.Web.Mvc.Async.AsyncResultWrapper.WrappedAsyncResultBase`1.End()
   在 System.Web.Mvc.Controller.EndExecuteCore(IAsyncResult asyncResult)
   在 System.Web.Mvc.Controller.<BeginExecute>b__15(IAsyncResult asyncResult, Controller controller)
   在 System.Web.Mvc.Async.AsyncResultWrapper.WrappedAsyncVoid`1.CallEndDelegate(IAsyncResult asyncResult)
   在 System.Web.Mvc.Async.AsyncResultWrapper.WrappedAsyncResultBase`1.End()
   在 System.Web.Mvc.Controller.EndExecute(IAsyncResult asyncResult)
   在 System.Web.Mvc.Controller.System.Web.Mvc.Async.IAsyncController.EndExecute(IAsyncResult asyncResult)
   在 System.Web.Mvc.MvcHandler.<BeginProcessRequest>b__5(IAsyncResult asyncResult, ProcessRequestState innerState)
   在 System.Web.Mvc.Async.AsyncResultWrapper.WrappedAsyncVoid`1.CallEndDelegate(IAsyncResult asyncResult)
   在 System.Web.Mvc.Async.AsyncResultWrapper.WrappedAsyncResultBase`1.End()
   在 System.Web.Mvc.MvcHandler.EndProcessRequest(IAsyncResult asyncResult)
   在 System.Web.Mvc.MvcHandler.System.Web.IHttpAsyncHandler.EndProcessRequest(IAsyncResult result)
   在 System.Web.HttpApplication.CallHandlerExecutionStep.System.Web.HttpApplication.IExecutionStep.Execute()
   在 System.Web.HttpApplication.ExecuteStep(IExecutionStep step, Boolean& completedSynchronously)
2018-07-15 22:06:20,132 ERROR log1 - 在执行 area [webadmin] 的 controller[user] 的 action[share] 时产生异常,异常原因：对于“MyWeb.Areas.WebAdmin.Controllers.UserController”中方法“System.Web.Mvc.ActionResult Share(Int32, Int32, Int32)”的不可以为 null 的类型“System.Int32”的参数“fileID”，参数字典包含一个 null 项。可选参数必须为引用类型、可以为 null 的类型或声明为可选参数。
参数名: parameters,异常堆栈：   在 System.Web.Mvc.ActionDescriptor.ExtractParameterFromDictionary(ParameterInfo parameterInfo, IDictionary`2 parameters, MethodInfo methodInfo)
   在 System.Web.Mvc.ReflectedActionDescriptor.Execute(ControllerContext controllerContext, IDictionary`2 parameters)
   在 System.Web.Mvc.ControllerActionInvoker.InvokeActionMethod(ControllerContext controllerContext, ActionDescriptor actionDescriptor, IDictionary`2 parameters)
   在 System.Web.Mvc.Async.AsyncControllerActionInvoker.<BeginInvokeSynchronousActionMethod>b__39(IAsyncResult asyncResult, ActionInvocation innerInvokeState)
   在 System.Web.Mvc.Async.AsyncResultWrapper.WrappedAsyncResult`2.CallEndDelegate(IAsyncResult asyncResult)
   在 System.Web.Mvc.Async.AsyncResultWrapper.WrappedAsyncResultBase`1.End()
   在 System.Web.Mvc.Async.AsyncControllerActionInvoker.EndInvokeActionMethod(IAsyncResult asyncResult)
   在 System.Web.Mvc.Async.AsyncControllerActionInvoker.AsyncInvocationWithFilters.<InvokeActionMethodFilterAsynchronouslyRecursive>b__3f()
   在 System.Web.Mvc.Async.AsyncControllerActionInvoker.AsyncInvocationWithFilters.<>c__DisplayClass48.<InvokeActionMethodFilterAsynchronouslyRecursive>b__41()
   在 System.Web.Mvc.Async.AsyncControllerActionInvoker.<>c__DisplayClass33.<BeginInvokeActionMethodWithFilters>b__32(IAsyncResult asyncResult)
   在 System.Web.Mvc.Async.AsyncResultWrapper.WrappedAsyncResult`1.CallEndDelegate(IAsyncResult asyncResult)
   在 System.Web.Mvc.Async.AsyncResultWrapper.WrappedAsyncResultBase`1.End()
   在 System.Web.Mvc.Async.AsyncControllerActionInvoker.EndInvokeActionMethodWithFilters(IAsyncResult asyncResult)
   在 System.Web.Mvc.Async.AsyncControllerActionInvoker.<>c__DisplayClass21.<>c__DisplayClass2b.<BeginInvokeAction>b__1c()
   在 System.Web.Mvc.Async.AsyncControllerActionInvoker.<>c__DisplayClass21.<BeginInvokeAction>b__1e(IAsyncResult asyncResult)
2018-07-15 22:06:20,145 ERROR log1 - 此请求已被阻止，因为当用在 GET 请求中时，会将敏感信息透漏给第三方网站。若要允许 GET 请求，请将 JsonRequestBehavior 设置为 AllowGet。|System.Web.Mvc|   在 System.Web.Mvc.JsonResult.ExecuteResult(ControllerContext context)
   在 System.Web.Mvc.ControllerActionInvoker.InvokeActionResult(ControllerContext controllerContext, ActionResult actionResult)
   在 System.Web.Mvc.Async.AsyncControllerActionInvoker.<>c__DisplayClass21.<BeginInvokeAction>b__1e(IAsyncResult asyncResult)
   在 System.Web.Mvc.Async.AsyncResultWrapper.WrappedAsyncResult`1.CallEndDelegate(IAsyncResult asyncResult)
   在 System.Web.Mvc.Async.AsyncResultWrapper.WrappedAsyncResultBase`1.End()
   在 System.Web.Mvc.Async.AsyncControllerActionInvoker.EndInvokeAction(IAsyncResult asyncResult)
   在 System.Web.Mvc.Controller.<BeginExecuteCore>b__1d(IAsyncResult asyncResult, ExecuteCoreState innerState)
   在 System.Web.Mvc.Async.AsyncResultWrapper.WrappedAsyncVoid`1.CallEndDelegate(IAsyncResult asyncResult)
   在 System.Web.Mvc.Async.AsyncResultWrapper.WrappedAsyncResultBase`1.End()
   在 System.Web.Mvc.Controller.EndExecuteCore(IAsyncResult asyncResult)
   在 System.Web.Mvc.Controller.<BeginExecute>b__15(IAsyncResult asyncResult, Controller controller)
   在 System.Web.Mvc.Async.AsyncResultWrapper.WrappedAsyncVoid`1.CallEndDelegate(IAsyncResult asyncResult)
   在 System.Web.Mvc.Async.AsyncResultWrapper.WrappedAsyncResultBase`1.End()
   在 System.Web.Mvc.Controller.EndExecute(IAsyncResult asyncResult)
   在 System.Web.Mvc.Controller.System.Web.Mvc.Async.IAsyncController.EndExecute(IAsyncResult asyncResult)
   在 System.Web.Mvc.MvcHandler.<BeginProcessRequest>b__5(IAsyncResult asyncResult, ProcessRequestState innerState)
   在 System.Web.Mvc.Async.AsyncResultWrapper.WrappedAsyncVoid`1.CallEndDelegate(IAsyncResult asyncResult)
   在 System.Web.Mvc.Async.AsyncResultWrapper.WrappedAsyncResultBase`1.End()
   在 System.Web.Mvc.MvcHandler.EndProcessRequest(IAsyncResult asyncResult)
   在 System.Web.Mvc.MvcHandler.System.Web.IHttpAsyncHandler.EndProcessRequest(IAsyncResult result)
   在 System.Web.HttpApplication.CallHandlerExecutionStep.System.Web.HttpApplication.IExecutionStep.Execute()
   在 System.Web.HttpApplication.ExecuteStep(IExecutionStep step, Boolean& completedSynchronously)
2018-07-15 22:50:09,682 ERROR log1 - 在执行 area [webadmin] 的 controller[user] 的 action[uploadsharefile] 时产生异常,异常原因：未将对象引用设置到对象的实例。,异常堆栈：   在 ASP._Page_Areas_WebAdmin_Views_User_Share_cshtml.Execute() 位置 f:\NET工作区\at your services\代码\MyWeb\Areas\WebAdmin\Views\User\Share.cshtml:行号 34
   在 System.Web.WebPages.WebPageBase.ExecutePageHierarchy()
   在 System.Web.Mvc.WebViewPage.ExecutePageHierarchy()
   在 System.Web.WebPages.WebPageBase.ExecutePageHierarchy(WebPageContext pageContext, TextWriter writer, WebPageRenderingBase startPage)
   在 System.Web.Mvc.RazorView.RenderView(ViewContext viewContext, TextWriter writer, Object instance)
   在 System.Web.Mvc.BuildManagerCompiledView.Render(ViewContext viewContext, TextWriter writer)
   在 System.Web.Mvc.ViewResultBase.ExecuteResult(ControllerContext context)
   在 System.Web.Mvc.ControllerActionInvoker.InvokeActionResult(ControllerContext controllerContext, ActionResult actionResult)
   在 System.Web.Mvc.ControllerActionInvoker.InvokeActionResultFilterRecursive(IList`1 filters, Int32 filterIndex, ResultExecutingContext preContext, ControllerContext controllerContext, ActionResult actionResult)
   在 System.Web.Mvc.ControllerActionInvoker.InvokeActionResultFilterRecursive(IList`1 filters, Int32 filterIndex, ResultExecutingContext preContext, ControllerContext controllerContext, ActionResult actionResult)
   在 System.Web.Mvc.ControllerActionInvoker.InvokeActionResultWithFilters(ControllerContext controllerContext, IList`1 filters, ActionResult actionResult)
   在 System.Web.Mvc.Async.AsyncControllerActionInvoker.<>c__DisplayClass21.<>c__DisplayClass2b.<BeginInvokeAction>b__1c()
   在 System.Web.Mvc.Async.AsyncControllerActionInvoker.<>c__DisplayClass21.<BeginInvokeAction>b__1e(IAsyncResult asyncResult)
2018-07-15 22:51:02,262 ERROR log1 - 在执行 area [webadmin] 的 controller[user] 的 action[share] 时产生异常,异常原因：对于“MyWeb.Areas.WebAdmin.Controllers.UserController”中方法“System.Web.Mvc.ActionResult Share(Int32, Int32, Int32)”的不可以为 null 的类型“System.Int32”的参数“id”，参数字典包含一个 null 项。可选参数必须为引用类型、可以为 null 的类型或声明为可选参数。
参数名: parameters,异常堆栈：   在 System.Web.Mvc.ActionDescriptor.ExtractParameterFromDictionary(ParameterInfo parameterInfo, IDictionary`2 parameters, MethodInfo methodInfo)
   在 System.Web.Mvc.ReflectedActionDescriptor.Execute(ControllerContext controllerContext, IDictionary`2 parameters)
   在 System.Web.Mvc.ControllerActionInvoker.InvokeActionMethod(ControllerContext controllerContext, ActionDescriptor actionDescriptor, IDictionary`2 parameters)
   在 System.Web.Mvc.Async.AsyncControllerActionInvoker.ActionInvocation.InvokeSynchronousActionMethod()
   在 System.Web.Mvc.Async.AsyncControllerActionInvoker.<BeginInvokeSynchronousActionMethod>b__39(IAsyncResult asyncResult, ActionInvocation innerInvokeState)
   在 System.Web.Mvc.Async.AsyncResultWrapper.WrappedAsyncResult`2.CallEndDelegate(IAsyncResult asyncResult)
   在 System.Web.Mvc.Async.AsyncResultWrapper.WrappedAsyncResultBase`1.End()
   在 System.Web.Mvc.Async.AsyncResultWrapper.End[TResult](IAsyncResult asyncResult, Object tag)
   在 System.Web.Mvc.Async.AsyncControllerActionInvoker.EndInvokeActionMethod(IAsyncResult asyncResult)
   在 System.Web.Mvc.Async.AsyncControllerActionInvoker.AsyncInvocationWithFilters.<InvokeActionMethodFilterAsynchronouslyRecursive>b__3f()
   在 System.Web.Mvc.Async.AsyncControllerActionInvoker.AsyncInvocationWithFilters.<>c__DisplayClass48.<InvokeActionMethodFilterAsynchronouslyRecursive>b__41()
   在 System.Web.Mvc.Async.AsyncControllerActionInvoker.<>c__DisplayClass33.<BeginInvokeActionMethodWithFilters>b__32(IAsyncResult asyncResult)
   在 System.Web.Mvc.Async.AsyncResultWrapper.WrappedAsyncResult`1.CallEndDelegate(IAsyncResult asyncResult)
   在 System.Web.Mvc.Async.AsyncResultWrapper.WrappedAsyncResultBase`1.End()
   在 System.Web.Mvc.Async.AsyncResultWrapper.End[TResult](IAsyncResult asyncResult, Object tag)
   在 System.Web.Mvc.Async.AsyncControllerActionInvoker.EndInvokeActionMethodWithFilters(IAsyncResult asyncResult)
   在 System.Web.Mvc.Async.AsyncControllerActionInvoker.<>c__DisplayClass21.<>c__DisplayClass2b.<BeginInvokeAction>b__1c()
   在 System.Web.Mvc.Async.AsyncControllerActionInvoker.<>c__DisplayClass21.<BeginInvokeAction>b__1e(IAsyncResult asyncResult)
2018-07-15 22:51:02,288 ERROR log1 - 此请求已被阻止，因为当用在 GET 请求中时，会将敏感信息透漏给第三方网站。若要允许 GET 请求，请将 JsonRequestBehavior 设置为 AllowGet。|System.Web.Mvc|   在 System.Web.Mvc.JsonResult.ExecuteResult(ControllerContext context)
   在 System.Web.Mvc.ControllerActionInvoker.InvokeActionResult(ControllerContext controllerContext, ActionResult actionResult)
   在 System.Web.Mvc.Async.AsyncControllerActionInvoker.<>c__DisplayClass21.<BeginInvokeAction>b__1e(IAsyncResult asyncResult)
   在 System.Web.Mvc.Async.AsyncResultWrapper.WrappedAsyncResult`1.CallEndDelegate(IAsyncResult asyncResult)
   在 System.Web.Mvc.Async.AsyncResultWrapper.WrappedAsyncResultBase`1.End()
   在 System.Web.Mvc.Async.AsyncResultWrapper.End[TResult](IAsyncResult asyncResult, Object tag)
   在 System.Web.Mvc.Async.AsyncControllerActionInvoker.EndInvokeAction(IAsyncResult asyncResult)
   在 System.Web.Mvc.Controller.<BeginExecuteCore>b__1d(IAsyncResult asyncResult, ExecuteCoreState innerState)
   在 System.Web.Mvc.Async.AsyncResultWrapper.WrappedAsyncVoid`1.CallEndDelegate(IAsyncResult asyncResult)
   在 System.Web.Mvc.Async.AsyncResultWrapper.WrappedAsyncResultBase`1.End()
   在 System.Web.Mvc.Async.AsyncResultWrapper.End[TResult](IAsyncResult asyncResult, Object tag)
   在 System.Web.Mvc.Async.AsyncResultWrapper.End(IAsyncResult asyncResult, Object tag)
   在 System.Web.Mvc.Controller.EndExecuteCore(IAsyncResult asyncResult)
   在 System.Web.Mvc.Controller.<BeginExecute>b__15(IAsyncResult asyncResult, Controller controller)
   在 System.Web.Mvc.Async.AsyncResultWrapper.WrappedAsyncVoid`1.CallEndDelegate(IAsyncResult asyncResult)
   在 System.Web.Mvc.Async.AsyncResultWrapper.WrappedAsyncResultBase`1.End()
   在 System.Web.Mvc.Async.AsyncResultWrapper.End[TResult](IAsyncResult asyncResult, Object tag)
   在 System.Web.Mvc.Async.AsyncResultWrapper.End(IAsyncResult asyncResult, Object tag)
   在 System.Web.Mvc.Controller.EndExecute(IAsyncResult asyncResult)
   在 System.Web.Mvc.Controller.System.Web.Mvc.Async.IAsyncController.EndExecute(IAsyncResult asyncResult)
   在 System.Web.Mvc.MvcHandler.<BeginProcessRequest>b__5(IAsyncResult asyncResult, ProcessRequestState innerState)
   在 System.Web.Mvc.Async.AsyncResultWrapper.WrappedAsyncVoid`1.CallEndDelegate(IAsyncResult asyncResult)
   在 System.Web.Mvc.Async.AsyncResultWrapper.WrappedAsyncResultBase`1.End()
   在 System.Web.Mvc.Async.AsyncResultWrapper.End[TResult](IAsyncResult asyncResult, Object tag)
   在 System.Web.Mvc.Async.AsyncResultWrapper.End(IAsyncResult asyncResult, Object tag)
   在 System.Web.Mvc.MvcHandler.EndProcessRequest(IAsyncResult asyncResult)
   在 System.Web.Mvc.MvcHandler.System.Web.IHttpAsyncHandler.EndProcessRequest(IAsyncResult result)
   在 System.Web.HttpApplication.CallHandlerExecutionStep.System.Web.HttpApplication.IExecutionStep.Execute()
   在 System.Web.HttpApplication.ExecuteStep(IExecutionStep step, Boolean& completedSynchronously)
2018-07-15 22:57:14,637 ERROR log1 - 在执行 area [webadmin] 的 controller[user] 的 action[uploadsharefile] 时产生异常,异常原因：未找到视图“~/WebAdmin/User/Share”或其母版视图，或没有视图引擎支持搜索的位置。搜索了以下位置: 
~/WebAdmin/User/Share,异常堆栈：   在 System.Web.Mvc.ViewResult.FindView(ControllerContext context)
   在 System.Web.Mvc.ViewResultBase.ExecuteResult(ControllerContext context)
   在 System.Web.Mvc.ControllerActionInvoker.InvokeActionResult(ControllerContext controllerContext, ActionResult actionResult)
   在 System.Web.Mvc.ControllerActionInvoker.InvokeActionResultFilterRecursive(IList`1 filters, Int32 filterIndex, ResultExecutingContext preContext, ControllerContext controllerContext, ActionResult actionResult)
   在 System.Web.Mvc.ControllerActionInvoker.InvokeActionResultFilterRecursive(IList`1 filters, Int32 filterIndex, ResultExecutingContext preContext, ControllerContext controllerContext, ActionResult actionResult)
   在 System.Web.Mvc.ControllerActionInvoker.InvokeActionResultWithFilters(ControllerContext controllerContext, IList`1 filters, ActionResult actionResult)
   在 System.Web.Mvc.Async.AsyncControllerActionInvoker.<>c__DisplayClass21.<>c__DisplayClass2b.<BeginInvokeAction>b__1c()
   在 System.Web.Mvc.Async.AsyncControllerActionInvoker.<>c__DisplayClass21.<BeginInvokeAction>b__1e(IAsyncResult asyncResult)
2018-07-15 22:59:55,363 ERROR log1 - 在执行 area [webadmin] 的 controller[user] 的 action[uploadsharefile] 时产生异常,异常原因：未找到视图“~/Areas/WebAdmin/Views/User/Share”或其母版视图，或没有视图引擎支持搜索的位置。搜索了以下位置: 
~/Areas/WebAdmin/Views/User/Share,异常堆栈：   在 System.Web.Mvc.ViewResult.FindView(ControllerContext context)
   在 System.Web.Mvc.ViewResultBase.ExecuteResult(ControllerContext context)
   在 System.Web.Mvc.ControllerActionInvoker.InvokeActionResult(ControllerContext controllerContext, ActionResult actionResult)
   在 System.Web.Mvc.ControllerActionInvoker.InvokeActionResultFilterRecursive(IList`1 filters, Int32 filterIndex, ResultExecutingContext preContext, ControllerContext controllerContext, ActionResult actionResult)
   在 System.Web.Mvc.ControllerActionInvoker.InvokeActionResultFilterRecursive(IList`1 filters, Int32 filterIndex, ResultExecutingContext preContext, ControllerContext controllerContext, ActionResult actionResult)
   在 System.Web.Mvc.ControllerActionInvoker.InvokeActionResultWithFilters(ControllerContext controllerContext, IList`1 filters, ActionResult actionResult)
   在 System.Web.Mvc.Async.AsyncControllerActionInvoker.<>c__DisplayClass21.<>c__DisplayClass2b.<BeginInvokeAction>b__1c()
   在 System.Web.Mvc.Async.AsyncControllerActionInvoker.<>c__DisplayClass21.<BeginInvokeAction>b__1e(IAsyncResult asyncResult)
2018-07-15 23:00:57,391 ERROR log1 - 在执行 area [webadmin] 的 controller[user] 的 action[uploadsharefile] 时产生异常,异常原因：未将对象引用设置到对象的实例。,异常堆栈：   在 ASP._Page_Areas_WebAdmin_Views_User_Share_cshtml.Execute() 位置 f:\NET工作区\at your services\代码\MyWeb\Areas\WebAdmin\Views\User\Share.cshtml:行号 34
   在 System.Web.WebPages.WebPageBase.ExecutePageHierarchy()
   在 System.Web.Mvc.WebViewPage.ExecutePageHierarchy()
   在 System.Web.WebPages.WebPageBase.ExecutePageHierarchy(WebPageContext pageContext, TextWriter writer, WebPageRenderingBase startPage)
   在 System.Web.Mvc.RazorView.RenderView(ViewContext viewContext, TextWriter writer, Object instance)
   在 System.Web.Mvc.BuildManagerCompiledView.Render(ViewContext viewContext, TextWriter writer)
   在 System.Web.Mvc.ViewResultBase.ExecuteResult(ControllerContext context)
   在 System.Web.Mvc.ControllerActionInvoker.InvokeActionResult(ControllerContext controllerContext, ActionResult actionResult)
   在 System.Web.Mvc.ControllerActionInvoker.InvokeActionResultFilterRecursive(IList`1 filters, Int32 filterIndex, ResultExecutingContext preContext, ControllerContext controllerContext, ActionResult actionResult)
   在 System.Web.Mvc.ControllerActionInvoker.InvokeActionResultFilterRecursive(IList`1 filters, Int32 filterIndex, ResultExecutingContext preContext, ControllerContext controllerContext, ActionResult actionResult)
   在 System.Web.Mvc.ControllerActionInvoker.InvokeActionResultWithFilters(ControllerContext controllerContext, IList`1 filters, ActionResult actionResult)
   在 System.Web.Mvc.Async.AsyncControllerActionInvoker.<>c__DisplayClass21.<>c__DisplayClass2b.<BeginInvokeAction>b__1c()
   在 System.Web.Mvc.Async.AsyncControllerActionInvoker.<>c__DisplayClass21.<BeginInvokeAction>b__1e(IAsyncResult asyncResult)
2018-07-15 23:01:27,594 ERROR log1 - 在执行 area [webadmin] 的 controller[user] 的 action[uploadsharefile] 时产生异常,异常原因：未将对象引用设置到对象的实例。,异常堆栈：   在 ASP._Page_Areas_WebAdmin_Views_User_Share_cshtml.Execute() 位置 f:\NET工作区\at your services\代码\MyWeb\Areas\WebAdmin\Views\User\Share.cshtml:行号 34
   在 System.Web.WebPages.WebPageBase.ExecutePageHierarchy()
   在 System.Web.Mvc.WebViewPage.ExecutePageHierarchy()
   在 System.Web.WebPages.WebPageBase.ExecutePageHierarchy(WebPageContext pageContext, TextWriter writer, WebPageRenderingBase startPage)
   在 System.Web.Mvc.RazorView.RenderView(ViewContext viewContext, TextWriter writer, Object instance)
   在 System.Web.Mvc.BuildManagerCompiledView.Render(ViewContext viewContext, TextWriter writer)
   在 System.Web.Mvc.ViewResultBase.ExecuteResult(ControllerContext context)
   在 System.Web.Mvc.ControllerActionInvoker.InvokeActionResult(ControllerContext controllerContext, ActionResult actionResult)
   在 System.Web.Mvc.ControllerActionInvoker.InvokeActionResultFilterRecursive(IList`1 filters, Int32 filterIndex, ResultExecutingContext preContext, ControllerContext controllerContext, ActionResult actionResult)
   在 System.Web.Mvc.ControllerActionInvoker.InvokeActionResultFilterRecursive(IList`1 filters, Int32 filterIndex, ResultExecutingContext preContext, ControllerContext controllerContext, ActionResult actionResult)
   在 System.Web.Mvc.ControllerActionInvoker.InvokeActionResultWithFilters(ControllerContext controllerContext, IList`1 filters, ActionResult actionResult)
   在 System.Web.Mvc.Async.AsyncControllerActionInvoker.<>c__DisplayClass21.<>c__DisplayClass2b.<BeginInvokeAction>b__1c()
   在 System.Web.Mvc.Async.AsyncControllerActionInvoker.<>c__DisplayClass21.<BeginInvokeAction>b__1e(IAsyncResult asyncResult)
2018-07-15 23:19:30,392 ERROR log1 - 在控制器“MyWeb.Controllers.HomeController”上未找到公共操作方法“LogOut”。|System.Web.Mvc|   在 System.Web.Mvc.Controller.HandleUnknownAction(String actionName)
   在 System.Web.Mvc.Controller.<BeginExecuteCore>b__1d(IAsyncResult asyncResult, ExecuteCoreState innerState)
   在 System.Web.Mvc.Async.AsyncResultWrapper.WrappedAsyncVoid`1.CallEndDelegate(IAsyncResult asyncResult)
   在 System.Web.Mvc.Async.AsyncResultWrapper.WrappedAsyncResultBase`1.End()
   在 System.Web.Mvc.Controller.EndExecuteCore(IAsyncResult asyncResult)
   在 System.Web.Mvc.Controller.<BeginExecute>b__15(IAsyncResult asyncResult, Controller controller)
   在 System.Web.Mvc.Async.AsyncResultWrapper.WrappedAsyncVoid`1.CallEndDelegate(IAsyncResult asyncResult)
   在 System.Web.Mvc.Async.AsyncResultWrapper.WrappedAsyncResultBase`1.End()
   在 System.Web.Mvc.Controller.EndExecute(IAsyncResult asyncResult)
   在 System.Web.Mvc.Controller.System.Web.Mvc.Async.IAsyncController.EndExecute(IAsyncResult asyncResult)
   在 System.Web.Mvc.MvcHandler.<BeginProcessRequest>b__5(IAsyncResult asyncResult, ProcessRequestState innerState)
   在 System.Web.Mvc.Async.AsyncResultWrapper.WrappedAsyncVoid`1.CallEndDelegate(IAsyncResult asyncResult)
   在 System.Web.Mvc.Async.AsyncResultWrapper.WrappedAsyncResultBase`1.End()
   在 System.Web.Mvc.MvcHandler.EndProcessRequest(IAsyncResult asyncResult)
   在 System.Web.Mvc.MvcHandler.System.Web.IHttpAsyncHandler.EndProcessRequest(IAsyncResult result)
   在 System.Web.HttpApplication.CallHandlerExecutionStep.System.Web.HttpApplication.IExecutionStep.Execute()
   在 System.Web.HttpApplication.ExecuteStep(IExecutionStep step, Boolean& completedSynchronously)
2018-07-15 23:32:25,184 ERROR log1 - 在执行 area [webadmin] 的 controller[adv] 的 action[edit] 时产生异常,异常原因：未将对象引用设置到对象的实例。,异常堆栈：   在 ASP._Page_Areas_WebAdmin_Views_Adv_Edit_cshtml.Execute() 位置 f:\NET工作区\at your services\代码\MyWeb\Areas\WebAdmin\Views\Adv\Edit.cshtml:行号 56
   在 System.Web.WebPages.WebPageBase.ExecutePageHierarchy()
   在 System.Web.Mvc.WebViewPage.ExecutePageHierarchy()
   在 System.Web.WebPages.WebPageBase.ExecutePageHierarchy(WebPageContext pageContext, TextWriter writer, WebPageRenderingBase startPage)
   在 System.Web.Mvc.RazorView.RenderView(ViewContext viewContext, TextWriter writer, Object instance)
   在 System.Web.Mvc.BuildManagerCompiledView.Render(ViewContext viewContext, TextWriter writer)
   在 System.Web.Mvc.ViewResultBase.ExecuteResult(ControllerContext context)
   在 System.Web.Mvc.ControllerActionInvoker.InvokeActionResult(ControllerContext controllerContext, ActionResult actionResult)
   在 System.Web.Mvc.ControllerActionInvoker.InvokeActionResultFilterRecursive(IList`1 filters, Int32 filterIndex, ResultExecutingContext preContext, ControllerContext controllerContext, ActionResult actionResult)
   在 System.Web.Mvc.ControllerActionInvoker.InvokeActionResultFilterRecursive(IList`1 filters, Int32 filterIndex, ResultExecutingContext preContext, ControllerContext controllerContext, ActionResult actionResult)
   在 System.Web.Mvc.ControllerActionInvoker.InvokeActionResultWithFilters(ControllerContext controllerContext, IList`1 filters, ActionResult actionResult)
   在 System.Web.Mvc.Async.AsyncControllerActionInvoker.<>c__DisplayClass21.<>c__DisplayClass2b.<BeginInvokeAction>b__1c()
   在 System.Web.Mvc.Async.AsyncControllerActionInvoker.<>c__DisplayClass21.<BeginInvokeAction>b__1e(IAsyncResult asyncResult)
2018-07-15 23:32:25,193 ERROR log1 - 此请求已被阻止，因为当用在 GET 请求中时，会将敏感信息透漏给第三方网站。若要允许 GET 请求，请将 JsonRequestBehavior 设置为 AllowGet。|System.Web.Mvc|   在 System.Web.Mvc.JsonResult.ExecuteResult(ControllerContext context)
   在 System.Web.Mvc.ControllerActionInvoker.InvokeActionResult(ControllerContext controllerContext, ActionResult actionResult)
   在 System.Web.Mvc.Async.AsyncControllerActionInvoker.<>c__DisplayClass21.<BeginInvokeAction>b__1e(IAsyncResult asyncResult)
   在 System.Web.Mvc.Async.AsyncResultWrapper.WrappedAsyncResult`1.CallEndDelegate(IAsyncResult asyncResult)
   在 System.Web.Mvc.Async.AsyncResultWrapper.WrappedAsyncResultBase`1.End()
   在 System.Web.Mvc.Async.AsyncControllerActionInvoker.EndInvokeAction(IAsyncResult asyncResult)
   在 System.Web.Mvc.Controller.<BeginExecuteCore>b__1d(IAsyncResult asyncResult, ExecuteCoreState innerState)
   在 System.Web.Mvc.Async.AsyncResultWrapper.WrappedAsyncVoid`1.CallEndDelegate(IAsyncResult asyncResult)
   在 System.Web.Mvc.Async.AsyncResultWrapper.WrappedAsyncResultBase`1.End()
   在 System.Web.Mvc.Controller.EndExecuteCore(IAsyncResult asyncResult)
   在 System.Web.Mvc.Controller.<BeginExecute>b__15(IAsyncResult asyncResult, Controller controller)
   在 System.Web.Mvc.Async.AsyncResultWrapper.WrappedAsyncVoid`1.CallEndDelegate(IAsyncResult asyncResult)
   在 System.Web.Mvc.Async.AsyncResultWrapper.WrappedAsyncResultBase`1.End()
   在 System.Web.Mvc.Controller.EndExecute(IAsyncResult asyncResult)
   在 System.Web.Mvc.Controller.System.Web.Mvc.Async.IAsyncController.EndExecute(IAsyncResult asyncResult)
   在 System.Web.Mvc.MvcHandler.<BeginProcessRequest>b__5(IAsyncResult asyncResult, ProcessRequestState innerState)
   在 System.Web.Mvc.Async.AsyncResultWrapper.WrappedAsyncVoid`1.CallEndDelegate(IAsyncResult asyncResult)
   在 System.Web.Mvc.Async.AsyncResultWrapper.WrappedAsyncResultBase`1.End()
   在 System.Web.Mvc.MvcHandler.EndProcessRequest(IAsyncResult asyncResult)
   在 System.Web.Mvc.MvcHandler.System.Web.IHttpAsyncHandler.EndProcessRequest(IAsyncResult result)
   在 System.Web.HttpApplication.CallHandlerExecutionStep.System.Web.HttpApplication.IExecutionStep.Execute()
   在 System.Web.HttpApplication.ExecuteStep(IExecutionStep step, Boolean& completedSynchronously)
